2019-04-11 22:27:59.993  INFO 832 --- [main] hello.Application                        : Starting Application on Shubhams-MacBook-Pro.local with PID 832 (/Users/shubham/git/my-test-app/target/classes started by shubham in /Users/shubham/git/my-test-app)
2019-04-11 22:28:00.000  INFO 832 --- [main] hello.Application                        : No active profile set, falling back to default profiles: default
2019-04-11 22:28:00.069  INFO 832 --- [main] ConfigServletWebServerApplicationContext : Refreshing org.springframework.boot.web.servlet.context.AnnotationConfigServletWebServerApplicationContext@55a561cf: startup date [Thu Apr 11 22:28:00 IST 2019]; root of context hierarchy
2019-04-11 22:28:01.184  INFO 832 --- [main] o.s.b.w.embedded.tomcat.TomcatWebServer  : Tomcat initialized with port(s): 8888 (http)
2019-04-11 22:28:01.212  INFO 832 --- [main] o.apache.catalina.core.StandardService   : Starting service [Tomcat]
2019-04-11 22:28:01.212  INFO 832 --- [main] org.apache.catalina.core.StandardEngine  : Starting Servlet Engine: Apache Tomcat/8.5.31
2019-04-11 22:28:01.223  INFO 832 --- [localhost-startStop-1] o.a.catalina.core.AprLifecycleListener   : The APR based Apache Tomcat Native library which allows optimal performance in production environments was not found on the java.library.path: [/Users/shubham/Library/Java/Extensions:/Library/Java/Extensions:/Network/Library/Java/Extensions:/System/Library/Java/Extensions:/usr/lib/java:.]
2019-04-11 22:28:01.319  INFO 832 --- [localhost-startStop-1] o.a.c.c.C.[Tomcat].[localhost].[/]       : Initializing Spring embedded WebApplicationContext
2019-04-11 22:28:01.319  INFO 832 --- [localhost-startStop-1] o.s.web.context.ContextLoader            : Root WebApplicationContext: initialization completed in 1250 ms
2019-04-11 22:28:01.443  INFO 832 --- [localhost-startStop-1] o.s.b.w.servlet.ServletRegistrationBean  : Servlet dispatcherServlet mapped to [/]
2019-04-11 22:28:01.447  INFO 832 --- [localhost-startStop-1] o.s.b.w.servlet.FilterRegistrationBean   : Mapping filter: 'characterEncodingFilter' to: [/*]
2019-04-11 22:28:01.447  INFO 832 --- [localhost-startStop-1] o.s.b.w.servlet.FilterRegistrationBean   : Mapping filter: 'hiddenHttpMethodFilter' to: [/*]
2019-04-11 22:28:01.447  INFO 832 --- [localhost-startStop-1] o.s.b.w.servlet.FilterRegistrationBean   : Mapping filter: 'httpPutFormContentFilter' to: [/*]
2019-04-11 22:28:01.448  INFO 832 --- [localhost-startStop-1] o.s.b.w.servlet.FilterRegistrationBean   : Mapping filter: 'requestContextFilter' to: [/*]
2019-04-11 22:28:01.562  INFO 832 --- [main] o.s.w.s.handler.SimpleUrlHandlerMapping  : Mapped URL path [/**/favicon.ico] onto handler of type [class org.springframework.web.servlet.resource.ResourceHttpRequestHandler]
2019-04-11 22:28:01.785  INFO 832 --- [main] s.w.s.m.m.a.RequestMappingHandlerAdapter : Looking for @ControllerAdvice: org.springframework.boot.web.servlet.context.AnnotationConfigServletWebServerApplicationContext@55a561cf: startup date [Thu Apr 11 22:28:00 IST 2019]; root of context hierarchy
2019-04-11 22:28:01.857  INFO 832 --- [main] s.w.s.m.m.a.RequestMappingHandlerMapping : Mapped "{[/]}" onto public java.lang.String hello.Application.home() throws java.lang.Exception
2019-04-11 22:28:01.858  INFO 832 --- [main] s.w.s.m.m.a.RequestMappingHandlerMapping : Mapped "{[/hello]}" onto public java.lang.String hello.MyTestController.hello()
2019-04-11 22:28:01.859  INFO 832 --- [main] s.w.s.m.m.a.RequestMappingHandlerMapping : Mapped "{[/mytest]}" onto public java.lang.String hello.MyTestController.myTestMethod()
2019-04-11 22:28:01.864  INFO 832 --- [main] s.w.s.m.m.a.RequestMappingHandlerMapping : Mapped "{[/error]}" onto public org.springframework.http.ResponseEntity<java.util.Map<java.lang.String, java.lang.Object>> org.springframework.boot.autoconfigure.web.servlet.error.BasicErrorController.error(javax.servlet.http.HttpServletRequest)
2019-04-11 22:28:01.864  INFO 832 --- [main] s.w.s.m.m.a.RequestMappingHandlerMapping : Mapped "{[/error],produces=[text/html]}" onto public org.springframework.web.servlet.ModelAndView org.springframework.boot.autoconfigure.web.servlet.error.BasicErrorController.errorHtml(javax.servlet.http.HttpServletRequest,javax.servlet.http.HttpServletResponse)
2019-04-11 22:28:01.887  INFO 832 --- [main] o.s.w.s.handler.SimpleUrlHandlerMapping  : Mapped URL path [/webjars/**] onto handler of type [class org.springframework.web.servlet.resource.ResourceHttpRequestHandler]
2019-04-11 22:28:01.887  INFO 832 --- [main] o.s.w.s.handler.SimpleUrlHandlerMapping  : Mapped URL path [/**] onto handler of type [class org.springframework.web.servlet.resource.ResourceHttpRequestHandler]
2019-04-11 22:28:02.036  INFO 832 --- [main] o.s.j.e.a.AnnotationMBeanExporter        : Registering beans for JMX exposure on startup
2019-04-11 22:28:02.094  INFO 832 --- [main] o.s.b.w.embedded.tomcat.TomcatWebServer  : Tomcat started on port(s): 8888 (http) with context path ''
2019-04-11 22:28:02.099  INFO 832 --- [main] hello.Application                        : Started Application in 2.596 seconds (JVM running for 3.142)
2019-04-11 22:28:44.110  INFO 832 --- [http-nio-8888-exec-1] o.a.c.c.C.[Tomcat].[localhost].[/]       : Initializing Spring FrameworkServlet 'dispatcherServlet'
2019-04-11 22:28:44.110  INFO 832 --- [http-nio-8888-exec-1] o.s.web.servlet.DispatcherServlet        : FrameworkServlet 'dispatcherServlet': initialization started
2019-04-11 22:28:44.126  INFO 832 --- [http-nio-8888-exec-1] o.s.web.servlet.DispatcherServlet        : FrameworkServlet 'dispatcherServlet': initialization completed in 16 ms
2019-04-11 22:28:44.158  INFO 832 --- [http-nio-8888-exec-1] hello.Application                        : Default / endpoint is called
